# JRE version: OpenJDK Runtime Environment (11.0.10) (build 11.0.10+0-b96-7249189)
# Java VM: OpenJDK 64-Bit Server VM (11.0.10+0-b96-7249189, mixed mode, tiered, compressed oops, g1 gc, windows-amd64)
Heap:
 garbage-first heap   total 258048K, used 101119K [0x0000000080000000, 0x0000000100000000)
  region size 1024K, 80 young (81920K), 14 survivors (14336K)
 Metaspace       used 49749K, capacity 51100K, committed 51456K, reserved 1093632K
  class space    used 6341K, capacity 6811K, committed 6912K, reserved 1048576K
GC Heap History (12 events):
Event: 0.679 GC heap before
{Heap before GC invocations=0 (full 0):
 garbage-first heap   total 258048K, used 29696K [0x0000000080000000, 0x0000000100000000)
  region size 1024K, 24 young (24576K), 0 survivors (0K)
 Metaspace       used 9818K, capacity 9986K, committed 10112K, reserved 1058816K
  class space    used 1021K, capacity 1102K, committed 1152K, reserved 1048576K
}
Event: 0.685 GC heap after
{Heap after GC invocations=1 (full 0):
 garbage-first heap   total 258048K, used 8955K [0x0000000080000000, 0x0000000100000000)
  region size 1024K, 3 young (3072K), 3 survivors (3072K)
 Metaspace       used 9818K, capacity 9986K, committed 10112K, reserved 1058816K
  class space    used 1021K, capacity 1102K, committed 1152K, reserved 1048576K
}
Event: 2.381 GC heap before
{Heap before GC invocations=1 (full 0):
 garbage-first heap   total 258048K, used 89851K [0x0000000080000000, 0x0000000100000000)
  region size 1024K, 82 young (83968K), 3 survivors (3072K)
 Metaspace       used 18810K, capacity 19225K, committed 19328K, reserved 1067008K
  class space    used 2257K, capacity 2403K, committed 2432K, reserved 1048576K
}
Event: 2.386 GC heap after
{Heap after GC invocations=2 (full 0):
 garbage-first heap   total 258048K, used 16313K [0x0000000080000000, 0x0000000100000000)
  region size 1024K, 11 young (11264K), 11 survivors (11264K)
 Metaspace       used 18810K, capacity 19225K, committed 19328K, reserved 1067008K
  class space    used 2257K, capacity 2403K, committed 2432K, reserved 1048576K
}
Event: 2.551 GC heap before
{Heap before GC invocations=2 (full 0):
 garbage-first heap   total 258048K, used 31673K [0x0000000080000000, 0x0000000100000000)
  region size 1024K, 27 young (27648K), 11 survivors (11264K)
 Metaspace       used 20611K, capacity 21118K, committed 21248K, reserved 1067008K
  class space    used 2517K, capacity 2720K, committed 2816K, reserved 1048576K
}
Event: 2.557 GC heap after
{Heap after GC invocations=3 (full 0):
 garbage-first heap   total 258048K, used 17636K [0x0000000080000000, 0x0000000100000000)
  region size 1024K, 1 young (1024K), 1 survivors (1024K)
 Metaspace       used 20611K, capacity 21118K, committed 21248K, reserved 1067008K
  class space    used 2517K, capacity 2720K, committed 2816K, reserved 1048576K
}
Event: 3.801 GC heap before
{Heap before GC invocations=4 (full 0):
 garbage-first heap   total 258048K, used 116964K [0x0000000080000000, 0x0000000100000000)
  region size 1024K, 99 young (101376K), 1 survivors (1024K)
 Metaspace       used 31354K, capacity 32130K, committed 32384K, reserved 1077248K
  class space    used 4157K, capacity 4439K, committed 4480K, reserved 1048576K
}
Event: 3.805 GC heap after
{Heap after GC invocations=5 (full 0):
 garbage-first heap   total 258048K, used 21125K [0x0000000080000000, 0x0000000100000000)
  region size 1024K, 5 young (5120K), 5 survivors (5120K)
 Metaspace       used 31354K, capacity 32130K, committed 32384K, reserved 1077248K
  class space    used 4157K, capacity 4439K, committed 4480K, reserved 1048576K
}
Event: 4.091 GC heap before
{Heap before GC invocations=5 (full 0):
 garbage-first heap   total 258048K, used 31365K [0x0000000080000000, 0x0000000100000000)
  region size 1024K, 16 young (16384K), 5 survivors (5120K)
 Metaspace       used 34985K, capacity 35830K, committed 35840K, reserved 1081344K
  class space    used 4533K, capacity 4864K, committed 4864K, reserved 1048576K
}
Event: 4.100 GC heap after
{Heap after GC invocations=6 (full 0):
 garbage-first heap   total 258048K, used 22779K [0x0000000080000000, 0x0000000100000000)
  region size 1024K, 6 young (6144K), 6 survivors (6144K)
 Metaspace       used 34985K, capacity 35830K, committed 35840K, reserved 1081344K
  class space    used 4533K, capacity 4864K, committed 4864K, reserved 1048576K
}
Event: 6.039 GC heap before
{Heap before GC invocations=7 (full 0):
 garbage-first heap   total 258048K, used 158971K [0x0000000080000000, 0x0000000100000000)
  region size 1024K, 136 young (139264K), 6 survivors (6144K)
 Metaspace       used 45666K, capacity 46883K, committed 47104K, reserved 1089536K
  class space    used 5872K, capacity 6300K, committed 6400K, reserved 1048576K
}
Event: 6.086 GC heap after
{Heap after GC invocations=8 (full 0):
 garbage-first heap   total 258048K, used 30463K [0x0000000080000000, 0x0000000100000000)
  region size 1024K, 14 young (14336K), 14 survivors (14336K)
 Metaspace       used 45666K, capacity 46883K, committed 47104K, reserved 1089536K
  class space    used 5872K, capacity 6300K, committed 6400K, reserved 1048576K
}

